Started by user [8mha:////4E0WCopnEfKrefG+Rw/CIN/UWvlN2rIu6FttVhjOmsgGAAAAlh+LCAAAAAAAAP9b85aBtbiIQTGjNKU4P08vOT+vOD8nVc83PyU1x6OyILUoJzMv2y+/JJUBAhiZGBgqihhk0NSjKDWzXb3RdlLBUSYGJk8GtpzUvPSSDB8G5tKinBIGIZ+sxLJE/ZzEvHT94JKizLx0a6BxUmjGOUNodHsLgAzuEgYu/dLi1CL9osTcRABfSo3RvwAAAA==[0mramakrishna
[8mha:////4CRfXB0TNUNjoEjLEBEv2OiY//kCkmHowXdCaMMEfi00AAAAoh+LCAAAAAAAAP9tjTEOwjAQBM8BClpKHuFItIiK1krDC0x8GCfWnbEdkooX8TX+gCESFVvtrLSa5wtWKcKBo5UdUu8otU4GP9jS5Mixv3geZcdn2TIl9igbHBs2eJyx4YwwR1SwULBGaj0nRzbDRnX6rmuvydanHMu2V1A5c4MHCFXMWcf8hSnC9jqYxPTz/BXAFEIGsfuclm8zQVqFvQAAAA==[0m[Pipeline] Start of Pipeline
[8mha:////4ACInUnUMICG74xHb46dWlp9FOp8+IBCkoq9GWJk2OUOAAAApR+LCAAAAAAAAP9tjTEOwjAUQ3+KOrAycohUghExsUZZOEFIQkgb/d8mKe3EibgadyBQiQlLlmxL1nu+oE4RjhQdby12HpP2vA+jK4lPFLtroIm3dOGaMFGwXNpJkrGnpUrKFhaxClYC1hZ1oOTRZdiIVt1VExS65pxj2Q4CKm8GeAAThZxVzN8yR9jeRpMIf5y/AJj7DGxXvP/86jduZBmjwAAAAA==[0m[Pipeline] node
Running on [8mha:////4CzuV0zn9sh6MNn8CTLeP+TL9HIaHNtNDfjvjKSaeJkFAAAAqB+LCAAAAAAAAP9b85aBtbiIQTGjNKU4P08vOT+vOD8nVc83PyU1x6OyILUoJzMv2y+/JJUBAhiZGBgqihhk0NSjKDWzXb3RdlLBUSYGJk8GtpzUvPSSDB8G5tKinBIGIZ+sxLJE/ZzEvHT94JKizLx0a6BxUmjGOUNodHsLgAz2EgYZ/dzEvMT0VP3k/NyC0pLUIn2NpNLMnBLdzDxNfQB9z6/O0QAAAA==[0mJenkins in /root/.jenkins/workspace/scriptedpipeline1@2
[8mha:////4D8ut3RF5TJH2++ZPwMGd82B/G4/COjMYmIraXCItnFeAAAApR+LCAAAAAAAAP9tjTEOwjAUQ3+KOrAycoh0gA0xsUZZOEFIQkgb/d8mKe3EibgadyBQiQlLlmxL1nu+oE4RjhQdby12HpP2vA+jK4lPFLtroIm3dOGaMFGwXNpJkrGnpUrKFhaxClYC1hZ1oOTRZdiIVt1VExS65pxj2Q4CKm8GeAAThZxVzN8yR9jeRpMIf5y/AJj7DGxXvP/86jfoP95RwAAAAA==[0m[Pipeline] {
[8mha:////4GPhSzpi1I/gYt/0iwRpssFswExZqcWfgthnqXIgVyWFAAAApR+LCAAAAAAAAP9tjTEOwjAUQ3+KOrAycoh0gQkxsUZZOEFIQkgb/d8mKe3EibgadyBQiQlLlmxL1nu+oE4RjhQdby12HpP2vA+jK4lPFLtroIm3dOGaMFGwXNpJkrGnpUrKFhaxClYC1hZ1oOTRZdiIVt1VExS65pxj2Q4CKm8GeAAThZxVzN8yR9jeRpMIf5y/AJj7DGxXvP/86jc09154wAAAAA==[0m[Pipeline] stage
[8mha:////4CXDZCowD4Z6P8aveNnM7FbUH31SiQmWOHILUR1KQRQZAAAApR+LCAAAAAAAAP9tjTEOwjAUQ3+KOrAycoh0ggUxsUZZOEFIQkgb/d8mKe3EibgadyBQiQlLlmxL1nu+oE4RjhQdby12HpP2vA+jK4lPFLtroIm3dOGaMFGwXNpJkrGnpUrKFhaxClYC1hZ1oOTRZdiIVt1VExS65pxj2Q4CKm8GeAAThZxVzN8yR9jeRpMIf5y/AJj7DGxXvP/86jek7ggRwAAAAA==[0m[Pipeline] { (ContinuousDownloads)
[8mha:////4PxRiE0XhYBgjKId5ksCQRgTALLDPG5EgsU+dA5URKtjAAAAoh+LCAAAAAAAAP9tjTEOAiEURD9rLGwtPQTbaWGsbAmNJ0AWEZb8zwLrbuWJvJp3kLiJlZNMMm+a93rDOic4UbLcG+wdZu14DKOti0+U+lugiXu6ck2YKRguzSSpM+cFJRUDS1gDKwEbgzpQdmgLbIVXD9UGhba9lFS/o4DGdQM8gYlqLiqVL8wJdvexy4Q/z18BzLEA29ce4gfg7KmOvAAAAA==[0m[Pipeline] git
The recommended git tool is: NONE
No credentials specified
Cloning the remote Git repository
Cloning repository https://github.com/intelliqittrainings/maven.git
 > git init /root/.jenkins/workspace/scriptedpipeline1@2 # timeout=10
Fetching upstream changes from https://github.com/intelliqittrainings/maven.git
 > git --version # timeout=10
 > git --version # 'git version 2.34.1'
 > git fetch --tags --force --progress -- https://github.com/intelliqittrainings/maven.git +refs/heads/*:refs/remotes/origin/* # timeout=10
 > git config remote.origin.url https://github.com/intelliqittrainings/maven.git # timeout=10
 > git config --add remote.origin.fetch +refs/heads/*:refs/remotes/origin/* # timeout=10
Avoid second fetch
 > git rev-parse refs/remotes/origin/master^{commit} # timeout=10
Checking out Revision fa144ed844d8afeb7f64a3057a17dc3d2f0c707b (refs/remotes/origin/master)
 > git config core.sparsecheckout # timeout=10
 > git checkout -f fa144ed844d8afeb7f64a3057a17dc3d2f0c707b # timeout=10
 > git branch -a -v --no-abbrev # timeout=10
 > git checkout -b master fa144ed844d8afeb7f64a3057a17dc3d2f0c707b # timeout=10
Commit message: "Update f45"
 > git rev-list --no-walk fa144ed844d8afeb7f64a3057a17dc3d2f0c707b # timeout=10
[8mha:////4FUYCwVl/wIa3/C2TW/4xu0jDlacoODwm2WAeAib780bAAAAoh+LCAAAAAAAAP9tjTEOAiEURD9rLGwtPQTbGRNjZUtoPAGyiLDkfxZYdytP5NW8g8RNrJxkknnTvNcb1jnBiZLl3mDvMGvHYxhtXXyi1N8CTdzTlWvCTMFwaSZJnTkvKKkYWMIaWAnYGNSBskNbYCu8eqg2KLTtpaT6HQU0rhvgCUxUc1GpfGFOsLuPXSb8ef4KYI6xADvU7j9Dg2gqvAAAAA==[0m[Pipeline] }
[8mha:////4Isq7udqmWaeBWpQQbuCyzdIVOn966tLEkSQQnc3B+izAAAAoh+LCAAAAAAAAP9tjTEOAiEURD9rLGwtPQRbWRhjZUtoPAGyiLDkfxZYdytP5NW8g8RNrJxkknnTvNcb1jnBiZLl3mDvMGvHYxhtXXyi1N8CTdzTlWvCTMFwaSZJnTkvKKkYWMIaWAnYGNSBskNbYCu8eqg2KLTtpaT6HQU0rhvgCUxUc1GpfGFOsLuPXSb8ef4KYI6xADvU7j9J+wGOvAAAAA==[0m[Pipeline] // stage
[8mha:////4L4hWhCxY1xW2l1SjFPjvzvtpAcJfnUb4J1ziQTH+x5fAAAAph+LCAAAAAAAAP9tjTEOwjAQBM9BKWgpeYQDEh2iorXc8AITG+PEugv2haTiRXyNPxCIRMVWOyut5vmCMic4UPKycdgGzHWQXez91ORAqb1EGmRDZ1kTZopOajdosu44oyZ2MEcUsFCwdFhHygE9w0o15m6qaNBXJ07TtldQBHuDBwg1mdkk/sKYYH3tbSb8ef4KYOwYxI6h2G4+x/INtuQqUcEAAAA=[0m[Pipeline] stage
[8mha:////4OS4XiIqDpCKTCZaXSgwGUTUIEUcaBg0zK9UkHICJ18dAAAApR+LCAAAAAAAAP9tjTEOwjAUQ3+DOrAycoiUzoiJNerCCUITQtLo/zZJSSdOxNW4Ay2VmPBg2Zas93pDGQOcKBjuNHYWY2t570czJ54pdDdPmTu68pYwkte80bkhpc9rbShpWFUw2AjYamw9RYsmwU44+ZCVl2iqSwrzdhTArBrgCYWYyUmG9C1TgP19VJHwx/kLgKlPwOrDYvXyLD8BobDcwgAAAA==[0m[Pipeline] { (ContinuousBuild)
[8mha:////4CHCwtUdFjUc5GQpreqywmsW4TheBh/s14hNUmZvJuJiAAAAox+LCAAAAAAAAP9tjTESwiAURH/iWNhaeggysXWsbBkaT4AJIoT5nwCRVJ7Iq3kH0cxYucXOvm3e8wXrGOBIQTOrcDAYO8O8m3RZLFMYro4ys3RhHWEkp5hQWVCvTgsKSgqWVDWsOGwUdo6iQZ1gy628y8ZJ1M05hfIdONSmH+EBFS/mJEP6whxgd5v6SPjz/BXA7BPUbfupvX8DpQJrNb4AAAA=[0m[Pipeline] sh
+ mvn package
[[1;34mINFO[m] Scanning for projects...
[[1;33mWARNING[m] 
[[1;33mWARNING[m] Some problems were encountered while building the effective model for com.example.maven-project:server:jar:1.0-SNAPSHOT
[[1;33mWARNING[m] Reporting configuration should be done in <reporting> section, not in maven-site-plugin <configuration> as reportPlugins parameter.
[[1;33mWARNING[m] 
[[1;33mWARNING[m] Some problems were encountered while building the effective model for com.example.maven-project:webapp:war:1.0-SNAPSHOT
[[1;33mWARNING[m] Reporting configuration should be done in <reporting> section, not in maven-site-plugin <configuration> as reportPlugins parameter.
[[1;33mWARNING[m] 
[[1;33mWARNING[m] Some problems were encountered while building the effective model for com.example.maven-project:maven-project:pom:1.0-SNAPSHOT
[[1;33mWARNING[m] Reporting configuration should be done in <reporting> section, not in maven-site-plugin <configuration> as reportPlugins parameter. @ line 56, column 24
[[1;33mWARNING[m] 
[[1;33mWARNING[m] It is highly recommended to fix these problems because they threaten the stability of your build.
[[1;33mWARNING[m] 
[[1;33mWARNING[m] For this reason, future Maven versions might no longer support building such malformed projects.
[[1;33mWARNING[m] 
[[1;33mWARNING[m] The project com.example.maven-project:maven-project:pom:1.0-SNAPSHOT uses prerequisites which is only intended for maven-plugin projects but not for non maven-plugin projects. For such purposes you should use the maven-enforcer-plugin. See https://maven.apache.org/enforcer/enforcer-rules/requireMavenVersion.html
[[1;34mINFO[m] [1m------------------------------------------------------------------------[m
[[1;34mINFO[m] [1mReactor Build Order:[m
[[1;34mINFO[m] 
[[1;34mINFO[m] Maven Project                                                      [pom]
[[1;34mINFO[m] Server                                                             [jar]
[[1;34mINFO[m] Webapp                                                             [war]
[[1;34mINFO[m] 
[[1;34mINFO[m] [1m--------------< [0;36mcom.example.maven-project:maven-project[0;1m >---------------[m
[[1;34mINFO[m] [1mBuilding Maven Project 1.0-SNAPSHOT                                [1/3][m
[[1;34mINFO[m] [1m--------------------------------[ pom ]---------------------------------[m
[[1;34mINFO[m] 
[[1;34mINFO[m] [1m------------------< [0;36mcom.example.maven-project:server[0;1m >------------------[m
[[1;34mINFO[m] [1mBuilding Server 1.0-SNAPSHOT                                       [2/3][m
[[1;34mINFO[m] [1m--------------------------------[ jar ]---------------------------------[m
[[1;34mINFO[m] 
[[1;34mINFO[m] [1m--- [0;32mmaven-resources-plugin:2.5:resources[m [1m(default-resources)[m @ [36mserver[0;1m ---[m
[debug] execute contextualize
[[1;34mINFO[m] Using 'utf-8' encoding to copy filtered resources.
[[1;34mINFO[m] skip non existing resourceDirectory /root/.jenkins/workspace/scriptedpipeline1@2/server/src/main/resources
[[1;34mINFO[m] 
[[1;34mINFO[m] [1m--- [0;32mmaven-compiler-plugin:2.3.2:compile[m [1m(default-compile)[m @ [36mserver[0;1m ---[m
[[1;34mINFO[m] Compiling 1 source file to /root/.jenkins/workspace/scriptedpipeline1@2/server/target/classes
[[1;34mINFO[m] 
[[1;34mINFO[m] [1m--- [0;32mmaven-resources-plugin:2.5:testResources[m [1m(default-testResources)[m @ [36mserver[0;1m ---[m
[debug] execute contextualize
[[1;34mINFO[m] Using 'utf-8' encoding to copy filtered resources.
[[1;34mINFO[m] skip non existing resourceDirectory /root/.jenkins/workspace/scriptedpipeline1@2/server/src/test/resources
[[1;34mINFO[m] 
[[1;34mINFO[m] [1m--- [0;32mmaven-compiler-plugin:2.3.2:testCompile[m [1m(default-testCompile)[m @ [36mserver[0;1m ---[m
[[1;34mINFO[m] Compiling 1 source file to /root/.jenkins/workspace/scriptedpipeline1@2/server/target/test-classes
[[1;34mINFO[m] 
[[1;34mINFO[m] [1m--- [0;32mmaven-surefire-plugin:2.11:test[m [1m(default-test)[m @ [36mserver[0;1m ---[m
[[1;34mINFO[m] Surefire report directory: /root/.jenkins/workspace/scriptedpipeline1@2/server/target/surefire-reports

-------------------------------------------------------
 T E S T S
-------------------------------------------------------
Running com.example.TestGreeter
Tests run: 2, Failures: 0, Errors: 0, Skipped: 0, Time elapsed: 0.209 sec

Results :

Tests run: 2, Failures: 0, Errors: 0, Skipped: 0

[[1;34mINFO[m] 
[[1;34mINFO[m] [1m--- [0;32mmaven-jar-plugin:2.4:jar[m [1m(default-jar)[m @ [36mserver[0;1m ---[m
[[1;34mINFO[m] Building jar: /root/.jenkins/workspace/scriptedpipeline1@2/server/target/server.jar
[[1;34mINFO[m] 
[[1;34mINFO[m] [1m------------------< [0;36mcom.example.maven-project:webapp[0;1m >------------------[m
[[1;34mINFO[m] [1mBuilding Webapp 1.0-SNAPSHOT                                       [3/3][m
[[1;34mINFO[m] [1m--------------------------------[ war ]---------------------------------[m
[[1;34mINFO[m] 
[[1;34mINFO[m] [1m--- [0;32mmaven-resources-plugin:2.5:resources[m [1m(default-resources)[m @ [36mwebapp[0;1m ---[m
[debug] execute contextualize
[[1;34mINFO[m] Using 'utf-8' encoding to copy filtered resources.
[[1;34mINFO[m] skip non existing resourceDirectory /root/.jenkins/workspace/scriptedpipeline1@2/webapp/src/main/resources
[[1;34mINFO[m] 
[[1;34mINFO[m] [1m--- [0;32mmaven-compiler-plugin:2.3.2:compile[m [1m(default-compile)[m @ [36mwebapp[0;1m ---[m
[[1;34mINFO[m] No sources to compile
[[1;34mINFO[m] 
[[1;34mINFO[m] [1m--- [0;32mmaven-resources-plugin:2.5:testResources[m [1m(default-testResources)[m @ [36mwebapp[0;1m ---[m
[debug] execute contextualize
[[1;34mINFO[m] Using 'utf-8' encoding to copy filtered resources.
[[1;34mINFO[m] skip non existing resourceDirectory /root/.jenkins/workspace/scriptedpipeline1@2/webapp/src/test/resources
[[1;34mINFO[m] 
[[1;34mINFO[m] [1m--- [0;32mmaven-compiler-plugin:2.3.2:testCompile[m [1m(default-testCompile)[m @ [36mwebapp[0;1m ---[m
[[1;34mINFO[m] No sources to compile
[[1;34mINFO[m] 
[[1;34mINFO[m] [1m--- [0;32mmaven-surefire-plugin:2.11:test[m [1m(default-test)[m @ [36mwebapp[0;1m ---[m
[[1;34mINFO[m] No tests to run.
[[1;34mINFO[m] Surefire report directory: /root/.jenkins/workspace/scriptedpipeline1@2/webapp/target/surefire-reports

-------------------------------------------------------
 T E S T S
-------------------------------------------------------

Results :

Tests run: 0, Failures: 0, Errors: 0, Skipped: 0

[[1;34mINFO[m] 
[[1;34mINFO[m] [1m--- [0;32mmaven-war-plugin:2.2:war[m [1m(default-war)[m @ [36mwebapp[0;1m ---[m
WARNING: An illegal reflective access operation has occurred
WARNING: Illegal reflective access by com.thoughtworks.xstream.core.util.Fields (file:/root/.m2/repository/com/thoughtworks/xstream/xstream/1.3.1/xstream-1.3.1.jar) to field java.util.Properties.defaults
WARNING: Please consider reporting this to the maintainers of com.thoughtworks.xstream.core.util.Fields
WARNING: Use --illegal-access=warn to enable warnings of further illegal reflective access operations
WARNING: All illegal access operations will be denied in a future release
[[1;34mINFO[m] Packaging webapp
[[1;34mINFO[m] Assembling webapp [webapp] in [/root/.jenkins/workspace/scriptedpipeline1@2/webapp/target/webapp]
[[1;34mINFO[m] Processing war project
[[1;34mINFO[m] Copying webapp resources [/root/.jenkins/workspace/scriptedpipeline1@2/webapp/src/main/webapp]
[[1;34mINFO[m] Webapp assembled in [43 msecs]
[[1;34mINFO[m] Building war: /root/.jenkins/workspace/scriptedpipeline1@2/webapp/target/webapp.war
[[1;34mINFO[m] WEB-INF/web.xml already added, skipping
[[1;34mINFO[m] [1m------------------------------------------------------------------------[m
[[1;34mINFO[m] [1mReactor Summary for Maven Project 1.0-SNAPSHOT:[m
[[1;34mINFO[m] 
[[1;34mINFO[m] Maven Project ...................................... [1;32mSUCCESS[m [  0.006 s]
[[1;34mINFO[m] Server ............................................. [1;32mSUCCESS[m [  4.021 s]
[[1;34mINFO[m] Webapp ............................................. [1;32mSUCCESS[m [  1.268 s]
[[1;34mINFO[m] [1m------------------------------------------------------------------------[m
[[1;34mINFO[m] [1;32mBUILD SUCCESS[m
[[1;34mINFO[m] [1m------------------------------------------------------------------------[m
[[1;34mINFO[m] Total time:  5.579 s
[[1;34mINFO[m] Finished at: 2023-01-09T13:40:27Z
[[1;34mINFO[m] [1m------------------------------------------------------------------------[m
[8mha:////4CTWKCmkJHb/TS/+pbM0CNl/DT9EBH+Ig9uq3M/512qIAAAAox+LCAAAAAAAAP9tjTESwiAURH/iWNhaeggyGUvHypah8QSYIEKY/wkQSeWJvJp3EM2MlVvs7NvmPV+wjgGOFDSzCgeDsTPMu0mXxTKF4eooM0sX1hFGcooJlQX16rSgoKRgSVXDisNGYecoGtQJttzKu2ycRN2cUyjfgUNt+hEeUPFiTjKkL8wBdrepj4Q/z18BzN4nqNv9p9o3geV5574AAAA=[0m[Pipeline] }
[8mha:////4Fqr7GMsurdVpdmhbjiJAz9pJlyZ4Zvc+D7Dx0wAr23SAAAApB+LCAAAAAAAAP9tjTEOwjAQBC9BFLSUPOICEh2iSmu54QUmNsaJdWdsh6TiRXyNPxCIRMUWq51t5vmCZYpw5GixNdQ5So3D4Hs7LRw4dhfPA7Z8xoYpsTcozSBZm3pGydnAnKKEhYCVocZzcmQzrEWr7qryimx1ynH6DgJKp2/wgEJM5qxi/sIYYXPtdWL6ef4KYAwhQ7nbf2r7Bq/le42+AAAA[0m[Pipeline] // stage
[8mha:////4CJ9N2sYP+tGYz4krpEg83QepyEEgpnIhNcAPJ5Na1HDAAAAph+LCAAAAAAAAP9tjTEOwjAQBM9BKWgpeYQjJKgQFa3lhheY2Bgn1l2wLyQVL+Jr/IFAJCq22llpNc8XlDnBgZKXjcM2YK6D7GLvpyYHSu0l0iAbOsuaMFN0UrtBk3XHGTWxgzmigIWCpcM6Ug7oGVaqMXdTRYO+OnGatr2CItgbPECoycwm8RfGBOtrbzPhz/NXAGPHILYMxWb3OZZvBXXnAcEAAAA=[0m[Pipeline] stage
[8mha:////4IqJ3ZDd1JB3siPJFvR/FEhJREZahydNGpaoT5xGklI7AAAApx+LCAAAAAAAAP9tjTEOwjAUQ3+LOrAycohUDLAgpq5RFk4QmhDSRv+Xn5R24kRcjTvQUokJD5ZtyXqvNxSR4UTsRGOx9RhrL7rQuymJgbi9BhpEQxdRE0YKVig7KDK2WqqiZGFRlsNKwtpiHSh6dAk2stEPXQaNrjwnnrajhNybOzwhkxM5aU7fMjJsb72JhD/OXwCMXYJ8t5/tMD+LD/s94rDCAAAA[0m[Pipeline] { (ContinuousDeploy)
[8mha:////4Oa7zzltLdNO/+eEL8Aacyt7q+3syF7npUy0tTFq/wpxAAAApB+LCAAAAAAAAP9tjTEOwjAQBC9BFLSUPOIiGigQVVrLDS8wsTFOrDtjOyQVL+Jr/IFAJCq2WO1sM88XLFOEI0eLraHOUWocBt/baeHAsbt4HrDlMzZMib1BaQbJ2tQzSs4G5hQlLASsDDWekyObYS1adVeVV2SrU47TdxBQOn2DBxRiMmcV8xfGCJtrrxPTz/NXAGPIUG53n9qHN27Iu42+AAAA[0m[Pipeline] deploy
[DeployPublisher][INFO] Attempting to deploy 1 war file(s)
[DeployPublisher][INFO] Deploying /root/.jenkins/workspace/scriptedpipeline1@2/webapp/target/webapp.war to container Tomcat 9.x Remote with context testapp
  Redeploying [/root/.jenkins/workspace/scriptedpipeline1@2/webapp/target/webapp.war]
  Undeploying [/root/.jenkins/workspace/scriptedpipeline1@2/webapp/target/webapp.war]
  Deploying [/root/.jenkins/workspace/scriptedpipeline1@2/webapp/target/webapp.war]
[8mha:////4LZXKlYV6RLf+WybMmO/0waHooX5CH1ewLMJBaaZTWOkAAAApR+LCAAAAAAAAP9tjTEOwjAQBC9BFLSUPOIiGoSEqNJabniBiY1xYt0Z2yGpeBFf4w8EIlGxxWpnm3m+YJkiHDlabA11jlLjMPjeTgsHjt3F84Atn7FhSuwNSjNI1qaeUXI2MKcoYSFgZajxnBzZDGvRqruqvCJbnXKcvoOA0ukbPKAQkzmrmL8wRthce52Yfp6/AhhDyFBu95/avQHhgNoTvgAAAA==[0m[Pipeline] }
[8mha:////4PLVubH9buIcdfjdypq0ke1fsdPccnLgLoMRl3shiFSyAAAApR+LCAAAAAAAAP9tjTEOwjAQBC9BFLSUPOIiCgqEqNJabniBiY1xYt0Z2yGpeBFf4w8EIlGxxWpnm3m+YJkiHDlabA11jlLjMPjeTgsHjt3F84Atn7FhSuwNSjNI1qaeUXI2MKcoYSFgZajxnBzZDGvRqruqvCJbnXKcvoOA0ukbPKAQkzmrmL8wRthce52Yfp6/AhhDyFBu95/avQH+Ao9BvgAAAA==[0m[Pipeline] // stage
[8mha:////4Nbqzd/OqDedw99+vsT/oINkNabg0NtFuVnr6YvPSHALAAAAox+LCAAAAAAAAP9tjTEOwjAQBDdBFLSUPMJBiA5R0VppeIFJjHFi3QX7QlLxIr7GH4iIRMVWO9PM641lijhydKqx1HpKlVdd6N301MCxvQYeVMMXVTElDlaVdii5tqcZSxaLeVmOhcbKUhU4eXKCtW7MwxTBkCvOEid30Mh9fccTmZ7KYqJ8YYzY3Po6Mf06fwMYu06Q77aCbP8BK1nRVL0AAAA=[0m[Pipeline] }
[8mha:////4CGiqAkVWvYtYWPx37SagXTSs5l8BtgaaPeOncOA6r8XAAAAoh+LCAAAAAAAAP9tjTEOwjAQBDdBFLSUPMIRUCIqWisNLzCJMU6su2BfSCpexNf4AxGRqNhqZ5p5vbFMEUeOTjWWWk+p8qoLvZueGji218CDaviiKqbEwarSDiXX9jRjyWIxL8ux0FhZqgInT06w1o15mCIYcsVZ4uQOGrmv73gi01NZTJQvjBGbW18npl/nbwBj1wny3VaQ7T845dX3vQAAAA==[0m[Pipeline] // node
[8mha:////4AO1AhgyAxrrb3NOIlF7Kj3gdI5b6i1iIT+cE7Ewjaz/AAAAoh+LCAAAAAAAAP9tjbEOgjAURS8YB1dHP6IkrMbJtWHxCyrUWmjeg/YhTH6Rv+Y/SCRx8k73nOW83timiBNHp1pLnadUe9WH0S1PTRy7W+BJtXxVNVPiYFVlp4obe16xYrFYl+XYaOws1YGTJyfY69Y8TBEMueIicXFHjdw3A57I9FIWE+ULc8ThPjaJ6df5G8Dc94K8LAVZ+QF+r3LHvQAAAA==[0m[Pipeline] End of Pipeline
org.codehaus.cargo.container.ContainerException: Failed to deploy [/root/.jenkins/workspace/scriptedpipeline1@2/webapp/target/webapp.war]
	at org.codehaus.cargo.container.tomcat.internal.AbstractTomcatManagerDeployer.deploy(AbstractTomcatManagerDeployer.java:104)
	at org.codehaus.cargo.container.tomcat.internal.AbstractTomcatManagerDeployer.redeploy(AbstractTomcatManagerDeployer.java:172)
	at hudson.plugins.deploy.CargoContainerAdapter.deploy(CargoContainerAdapter.java:81)
	at hudson.plugins.deploy.CargoContainerAdapter$DeployCallable.invoke(CargoContainerAdapter.java:167)
	at hudson.plugins.deploy.CargoContainerAdapter$DeployCallable.invoke(CargoContainerAdapter.java:136)
	at hudson.FilePath.act(FilePath.java:1192)
	at hudson.FilePath.act(FilePath.java:1175)
	at hudson.plugins.deploy.CargoContainerAdapter.redeployFile(CargoContainerAdapter.java:133)
	at hudson.plugins.deploy.PasswordProtectedAdapterCargo.redeployFile(PasswordProtectedAdapterCargo.java:95)
	at hudson.plugins.deploy.DeployPublisher.perform(DeployPublisher.java:113)
	at jenkins.tasks.SimpleBuildStep.perform(SimpleBuildStep.java:123)
	at org.jenkinsci.plugins.workflow.steps.CoreStep$Execution.run(CoreStep.java:101)
	at org.jenkinsci.plugins.workflow.steps.CoreStep$Execution.run(CoreStep.java:71)
	at org.jenkinsci.plugins.workflow.steps.SynchronousNonBlockingStepExecution.lambda$start$0(SynchronousNonBlockingStepExecution.java:47)
	at java.base/java.util.concurrent.Executors$RunnableAdapter.call(Executors.java:515)
	at java.base/java.util.concurrent.FutureTask.run(FutureTask.java:264)
	at java.base/java.util.concurrent.ThreadPoolExecutor.runWorker(ThreadPoolExecutor.java:1128)
	at java.base/java.util.concurrent.ThreadPoolExecutor$Worker.run(ThreadPoolExecutor.java:628)
	at java.base/java.lang.Thread.run(Thread.java:829)
Caused by: org.codehaus.cargo.container.tomcat.internal.TomcatManagerException: The Tomcat Manager responded "FAIL - The application [/testapp] is already being serviced
FAIL - Failed to deploy application at context path [/testapp]
" instead of the expected "OK" message
	at org.codehaus.cargo.container.tomcat.internal.TomcatManager.invoke(TomcatManager.java:721)
	at org.codehaus.cargo.container.tomcat.internal.TomcatManager.deployImpl(TomcatManager.java:767)
	at org.codehaus.cargo.container.tomcat.internal.TomcatManager.deploy(TomcatManager.java:312)
	at org.codehaus.cargo.container.tomcat.internal.AbstractTomcatManagerDeployer.deploy(AbstractTomcatManagerDeployer.java:99)
	... 18 more
org.codehaus.cargo.container.tomcat.internal.TomcatManagerException: The Tomcat Manager responded "FAIL - The application [/testapp] is already being serviced
FAIL - Failed to deploy application at context path [/testapp]
" instead of the expected "OK" message
	at org.codehaus.cargo.container.tomcat.internal.TomcatManager.invoke(TomcatManager.java:721)
	at org.codehaus.cargo.container.tomcat.internal.TomcatManager.deployImpl(TomcatManager.java:767)
	at org.codehaus.cargo.container.tomcat.internal.TomcatManager.deploy(TomcatManager.java:312)
	at org.codehaus.cargo.container.tomcat.internal.AbstractTomcatManagerDeployer.deploy(AbstractTomcatManagerDeployer.java:99)
	at org.codehaus.cargo.container.tomcat.internal.AbstractTomcatManagerDeployer.redeploy(AbstractTomcatManagerDeployer.java:172)
	at hudson.plugins.deploy.CargoContainerAdapter.deploy(CargoContainerAdapter.java:81)
	at hudson.plugins.deploy.CargoContainerAdapter$DeployCallable.invoke(CargoContainerAdapter.java:167)
	at hudson.plugins.deploy.CargoContainerAdapter$DeployCallable.invoke(CargoContainerAdapter.java:136)
	at hudson.FilePath.act(FilePath.java:1192)
	at hudson.FilePath.act(FilePath.java:1175)
	at hudson.plugins.deploy.CargoContainerAdapter.redeployFile(CargoContainerAdapter.java:133)
	at hudson.plugins.deploy.PasswordProtectedAdapterCargo.redeployFile(PasswordProtectedAdapterCargo.java:95)
	at hudson.plugins.deploy.DeployPublisher.perform(DeployPublisher.java:113)
	at jenkins.tasks.SimpleBuildStep.perform(SimpleBuildStep.java:123)
	at org.jenkinsci.plugins.workflow.steps.CoreStep$Execution.run(CoreStep.java:101)
	at org.jenkinsci.plugins.workflow.steps.CoreStep$Execution.run(CoreStep.java:71)
	at org.jenkinsci.plugins.workflow.steps.SynchronousNonBlockingStepExecution.lambda$start$0(SynchronousNonBlockingStepExecution.java:47)
	at java.base/java.util.concurrent.Executors$RunnableAdapter.call(Executors.java:515)
	at java.base/java.util.concurrent.FutureTask.run(FutureTask.java:264)
	at java.base/java.util.concurrent.ThreadPoolExecutor.runWorker(ThreadPoolExecutor.java:1128)
	at java.base/java.util.concurrent.ThreadPoolExecutor$Worker.run(ThreadPoolExecutor.java:628)
	at java.base/java.lang.Thread.run(Thread.java:829)
Finished: FAILURE
