Started by upstream project "[8mha:////4JPSRDYl6AxrGxRfVGlaTOyAiXQ7lg3K1FDJYCHn/nqSAAAAlR+LCAAAAAAAAP9b85aBtbiIQTGjNKU4P08vOT+vOD8nVc83PyU1x6OyILUoJzMv2y+/JJUBAhiZGBgqihhk0NSjKDWzXb3RdlLBUSYGJk8GtpzUvPSSDB8G5tKinBIGIZ+sxLJE/ZzEvHT94JKizLx0a6BxUmjGOUNodHsLgAzmEgZO/az8JP20tDR9ABLysHq+AAAA[0mfff" build number [8mha:////4KTfKyHGDr7zKqSxTT3aItlY4Ew5g3RITVCAjvNf71VvAAAAlR+LCAAAAAAAAP9b85aBtbiIQTGjNKU4P08vOT+vOD8nVc83PyU1x6OyILUoJzMv2y+/JJUBAhiZGBgqihhk0NSjKDWzXb3RdlLBUSYGJk8GtpzUvPSSDB8G5tKinBIGIZ+sxLJE/ZzEvHT94JKizLx0a6BxUmjGOUNodHsLQIwSBi79rPwk/bS0NH1zAJQp8OG/AAAA[0m7
originally caused by:
 Started by user [8mha:////4C1C+LYX9XpcbG1eTE8GMMEhP5Nswqy/7GqvM0yEjlylAAAAmB+LCAAAAAAAAP9b85aBtbiIQTGjNKU4P08vOT+vOD8nVc83PyU1x6OyILUoJzMv2y+/JJUBAhiZGBgqihhk0NSjKDWzXb3RdlLBUSYGJk8GtpzUvPSSDB8G5tKinBIGIZ+sxLJE/ZzEvHT94JKizLx0a6BxUmjGOUNodHsLgAz2EgZe/dLi1CL9YqDuxJIMAFUTEj7CAAAA[0msrinath
Running as SYSTEM
Building in workspace /root/.jenkins/workspace/ttt
The recommended git tool is: NONE
No credentials specified
 > git rev-parse --resolve-git-dir /root/.jenkins/workspace/ttt/.git # timeout=10
Fetching changes from the remote Git repository
 > git config remote.origin.url https://github.com/intelliqittrainings/FunctionalTesting.git # timeout=10
Fetching upstream changes from https://github.com/intelliqittrainings/FunctionalTesting.git
 > git --version # timeout=10
 > git --version # 'git version 2.34.1'
 > git fetch --tags --force --progress -- https://github.com/intelliqittrainings/FunctionalTesting.git +refs/heads/*:refs/remotes/origin/* # timeout=10
 > git rev-parse refs/remotes/origin/master^{commit} # timeout=10
Checking out Revision 38095c8edea9e5192215ccc56b573f30223029a6 (refs/remotes/origin/master)
 > git config core.sparsecheckout # timeout=10
 > git checkout -f 38095c8edea9e5192215ccc56b573f30223029a6 # timeout=10
Commit message: "a"
 > git rev-list --no-walk 38095c8edea9e5192215ccc56b573f30223029a6 # timeout=10
[ttt] $ /bin/sh -xe /tmp/jenkins915480895934490359.sh
+ java -jar testing.jar
WARNING: An illegal reflective access operation has occurred
WARNING: Illegal reflective access by net.sourceforge.htmlunit.corejs.javascript.NativeArray (file:/root/.jenkins/workspace/ttt/testing.jar) to field java.util.Arrays$LegacyMergeSort.userRequested
WARNING: Please consider reporting this to the maintainers of net.sourceforge.htmlunit.corejs.javascript.NativeArray
WARNING: Use --illegal-access=warn to enable warnings of further illegal reflective access operations
WARNING: All illegal access operations will be denied in a future release
about:blank
Expected Message : Hello, World!
Actual Message   : 
Testing has Failed
Copied 1 artifact from "[8mha:////4LG1M2cttfd1OA2rQ7a4D3zvo13s77sTVK6kMBDf1nunAAAAih+LCAAAAAAAAP9b85aBtbiIQSajNKU4P08vOT+vOD8nVc+jsiC1KCczL9svvyTVzHb1RttJBUeZGJg8GdhyUvPSSzJ8GJhLi3JKGIR8shLLEvVzEvPS9YNLijLz0q0rihik0IxzhtAgwxgggJGJgaGiAMhgLmHg1M/KT9JPS0vTBwAd/W8ejgAAAA==[0mfff" build number [8mha:////4JI/tz5AelAruxSiUAOGH8e0QTCCNbl1HlojdpLt7osvAAAAix+LCAAAAAAAAP9b85aBtbiIQSajNKU4P08vOT+vOD8nVc+jsiC1KCczL9svvyTVzHb1RttJBUeZGJg8GdhyUvPSSzJ8GJhLi3JKGIR8shLLEvVzEvPS9YNLijLz0q0rihik0IxzhtAgwxgggJGJgaGiAMQoYeDWz8pP0k9LS9M31wcATlzSApAAAAA=[0m7
[DeployPublisher][INFO] Attempting to deploy 1 war file(s)
[DeployPublisher][INFO] Deploying /root/.jenkins/workspace/ttt/webapp/target/webapp.war to container Tomcat 9.x Remote with context prodapp
ERROR: Build step failed with exception
java.lang.IllegalArgumentException: protocol = http host = null
	at java.base/sun.net.spi.DefaultProxySelector.select(DefaultProxySelector.java:192)
	at java.base/sun.net.www.protocol.http.HttpURLConnection.plainConnect0(HttpURLConnection.java:1181)
	at java.base/sun.net.www.protocol.http.HttpURLConnection.plainConnect(HttpURLConnection.java:1081)
	at java.base/sun.net.www.protocol.http.HttpURLConnection.connect(HttpURLConnection.java:1015)
	at org.codehaus.cargo.container.tomcat.internal.TomcatManager.invoke(TomcatManager.java:567)
	at org.codehaus.cargo.container.tomcat.internal.TomcatManager.list(TomcatManager.java:882)
	at org.codehaus.cargo.container.tomcat.internal.TomcatManager.getStatus(TomcatManager.java:895)
	at org.codehaus.cargo.container.tomcat.internal.AbstractTomcatManagerDeployer.redeploy(AbstractTomcatManagerDeployer.java:161)
	at hudson.plugins.deploy.CargoContainerAdapter.deploy(CargoContainerAdapter.java:81)
	at hudson.plugins.deploy.CargoContainerAdapter$DeployCallable.invoke(CargoContainerAdapter.java:167)
	at hudson.plugins.deploy.CargoContainerAdapter$DeployCallable.invoke(CargoContainerAdapter.java:136)
	at hudson.FilePath.act(FilePath.java:1192)
	at hudson.FilePath.act(FilePath.java:1175)
	at hudson.plugins.deploy.CargoContainerAdapter.redeployFile(CargoContainerAdapter.java:133)
	at hudson.plugins.deploy.PasswordProtectedAdapterCargo.redeployFile(PasswordProtectedAdapterCargo.java:95)
	at hudson.plugins.deploy.DeployPublisher.perform(DeployPublisher.java:113)
	at jenkins.tasks.SimpleBuildStep.perform(SimpleBuildStep.java:123)
	at hudson.tasks.BuildStepCompatibilityLayer.perform(BuildStepCompatibilityLayer.java:80)
	at hudson.tasks.BuildStepMonitor$3.perform(BuildStepMonitor.java:47)
	at hudson.model.AbstractBuild$AbstractBuildExecution.perform(AbstractBuild.java:818)
	at hudson.model.AbstractBuild$AbstractBuildExecution.performAllBuildSteps(AbstractBuild.java:767)
	at hudson.model.Build$BuildExecution.post2(Build.java:179)
	at hudson.model.AbstractBuild$AbstractBuildExecution.post(AbstractBuild.java:711)
	at hudson.model.Run.execute(Run.java:1925)
	at hudson.model.FreeStyleBuild.run(FreeStyleBuild.java:44)
	at hudson.model.ResourceController.execute(ResourceController.java:107)
	at hudson.model.Executor.run(Executor.java:449)
Build step 'Deploy war/ear to a container' marked build as failure
Finished: FAILURE
